<?xml version="1.0" encoding="UTF-8"?>
<testng-results ignored="0" total="1" passed="1" failed="0" skipped="0">
  <reporter-output>
  </reporter-output>
  <suite started-at="2023-11-10T15:12:12 COT" name="Default suite" finished-at="2023-11-10T15:12:23 COT" duration-ms="11287">
    <groups>
    </groups>
    <test started-at="2023-11-10T15:12:12 COT" name="Default test" finished-at="2023-11-10T15:12:23 COT" duration-ms="11287">
      <class name="pageObjectModel.LoginTest">
        <test-method is-config="true" signature="setUp()[pri:0, instance:pageObjectModel.LoginTest@62ddbd7e]" started-at="2023-11-10T15:12:12 COT" name="setUp" finished-at="2023-11-10T15:12:18 COT" duration-ms="6031" status="PASS">
          <reporter-output>
          </reporter-output>
        </test-method> <!-- setUp -->
        <test-method signature="testLogin()[pri:1, instance:pageObjectModel.LoginTest@62ddbd7e]" started-at="2023-11-10T15:12:18 COT" name="testLogin" finished-at="2023-11-10T15:12:23 COT" duration-ms="5119" status="PASS">
          <reporter-output>
          </reporter-output>
        </test-method> <!-- testLogin -->
        <test-method is-config="true" signature="tearDown()[pri:0, instance:pageObjectModel.LoginTest@62ddbd7e]" started-at="2023-11-10T15:12:23 COT" name="tearDown" finished-at="2023-11-10T15:12:23 COT" duration-ms="118" status="PASS">
          <reporter-output>
          </reporter-output>
        </test-method> <!-- tearDown -->
      </class> <!-- pageObjectModel.LoginTest -->
    </test> <!-- Default test -->
  </suite> <!-- Default suite -->
</testng-results>
